17:41:03.446 INFO [GridLauncherV3.launch] - Selenium build info: version: '3.14.0', revision: 'aacccce0'
17:41:03.447 INFO [GridLauncherV3$1.launch] - Launching a standalone Selenium Server on port 4444
2018-10-09 17:41:03.587:INFO::main: Logging initialized @538ms to org.seleniumhq.jetty9.util.log.StdErrLog
17:41:03.913 INFO [SeleniumServer.boot] - Selenium Server is up and running on port 4444
17:41:04.419 INFO [ActiveSessionFactory.apply] - Capabilities are: {
  "acceptSslCerts": true,
  "browserName": "chrome",
  "chromeOptions": {
    "args": [
      "disable-web-security",
      "ignore-certificate-errors",
      "--test-type"
    ]
  },
  "javascriptEnabled": true,
  "marionette": true,
  "name": "Demo"
}
17:41:04.422 INFO [ActiveSessionFactory.lambda$apply$11] - Matched factory org.openqa.selenium.remote.server.ServicedSession$Factory (provider: org.openqa.selenium.chrome.ChromeDriverService)
Starting ChromeDriver 2.42.591088 (7b2b2dca23cca0862f674758c9a3933e685c27d5) on port 41881
Only local connections are allowed.
17:41:07.667 INFO [ProtocolHandshake.createSession] - Detected dialect: OSS
17:41:08.111 INFO [RemoteSession$Factory.lambda$performHandshake$0] - Started new session 4ca02830f35785803a99a5cef6fbc18e (org.openqa.selenium.chrome.ChromeDriverService)
17:41:26.785 INFO [ActiveSessions$1.onStop] - Removing session 4ca02830f35785803a99a5cef6fbc18e (org.openqa.selenium.chrome.ChromeDriverService)
